This is pdfTeX, Version 3.14159265-2.6-1.40.16 (TeX Live 2015) (preloaded format=pdflatex 2015.5.24)  9 MAR 2016 22:52
entering extended mode
 restricted \write18 enabled.
 %&-line parsing enabled.
**bare_jrnl1.tex
(./bare_jrnl1.tex
LaTeX2e <2015/01/01>
Babel <3.9l> and hyphenation patterns for 79 languages loaded.
(./IEEEtran.cls
Document Class: IEEEtran 2015/08/26 V1.8b by Michael Shell
-- See the "IEEEtran_HOWTO" manual for usage information.
-- http://www.michaelshell.org/tex/ieeetran/
\@IEEEtrantmpdimenA=\dimen102
\@IEEEtrantmpdimenB=\dimen103
\@IEEEtrantmpdimenC=\dimen104
\@IEEEtrantmpcountA=\count79
\@IEEEtrantmpcountB=\count80
\@IEEEtrantmpcountC=\count81
\@IEEEtrantmptoksA=\toks14
LaTeX Font Info:    Try loading font information for OT1+ptm on input line 503.

(/usr/local/texlive/2015/texmf-dist/tex/latex/psnfss/ot1ptm.fd
File: ot1ptm.fd 2001/06/04 font definitions for OT1/ptm.
)
-- Using 8.5in x 11in (letter) paper.
-- Using PDF output.
\@IEEEnormalsizeunitybaselineskip=\dimen105
-- This is a 10 point document.
\CLASSINFOnormalsizebaselineskip=\dimen106
\CLASSINFOnormalsizeunitybaselineskip=\dimen107
\IEEEnormaljot=\dimen108
LaTeX Font Info:    Font shape `OT1/ptm/bx/n' in size <5> not available
(Font)              Font shape `OT1/ptm/b/n' tried instead on input line 1090.
LaTeX Font Info:    Font shape `OT1/ptm/bx/it' in size <5> not available
(Font)              Font shape `OT1/ptm/b/it' tried instead on input line 1090.

LaTeX Font Info:    Font shape `OT1/ptm/bx/n' in size <7> not available
(Font)              Font shape `OT1/ptm/b/n' tried instead on input line 1090.
LaTeX Font Info:    Font shape `OT1/ptm/bx/it' in size <7> not available
(Font)              Font shape `OT1/ptm/b/it' tried instead on input line 1090.

LaTeX Font Info:    Font shape `OT1/ptm/bx/n' in size <8> not available
(Font)              Font shape `OT1/ptm/b/n' tried instead on input line 1090.
LaTeX Font Info:    Font shape `OT1/ptm/bx/it' in size <8> not available
(Font)              Font shape `OT1/ptm/b/it' tried instead on input line 1090.

LaTeX Font Info:    Font shape `OT1/ptm/bx/n' in size <9> not available
(Font)              Font shape `OT1/ptm/b/n' tried instead on input line 1090.
LaTeX Font Info:    Font shape `OT1/ptm/bx/it' in size <9> not available
(Font)              Font shape `OT1/ptm/b/it' tried instead on input line 1090.

LaTeX Font Info:    Font shape `OT1/ptm/bx/n' in size <10> not available
(Font)              Font shape `OT1/ptm/b/n' tried instead on input line 1090.
LaTeX Font Info:    Font shape `OT1/ptm/bx/it' in size <10> not available
(Font)              Font shape `OT1/ptm/b/it' tried instead on input line 1090.

LaTeX Font Info:    Font shape `OT1/ptm/bx/n' in size <11> not available
(Font)              Font shape `OT1/ptm/b/n' tried instead on input line 1090.
LaTeX Font Info:    Font shape `OT1/ptm/bx/it' in size <11> not available
(Font)              Font shape `OT1/ptm/b/it' tried instead on input line 1090.

LaTeX Font Info:    Font shape `OT1/ptm/bx/n' in size <12> not available
(Font)              Font shape `OT1/ptm/b/n' tried instead on input line 1090.
LaTeX Font Info:    Font shape `OT1/ptm/bx/it' in size <12> not available
(Font)              Font shape `OT1/ptm/b/it' tried instead on input line 1090.

LaTeX Font Info:    Font shape `OT1/ptm/bx/n' in size <17> not available
(Font)              Font shape `OT1/ptm/b/n' tried instead on input line 1090.
LaTeX Font Info:    Font shape `OT1/ptm/bx/it' in size <17> not available
(Font)              Font shape `OT1/ptm/b/it' tried instead on input line 1090.

LaTeX Font Info:    Font shape `OT1/ptm/bx/n' in size <20> not available
(Font)              Font shape `OT1/ptm/b/n' tried instead on input line 1090.
LaTeX Font Info:    Font shape `OT1/ptm/bx/it' in size <20> not available
(Font)              Font shape `OT1/ptm/b/it' tried instead on input line 1090.

LaTeX Font Info:    Font shape `OT1/ptm/bx/n' in size <24> not available
(Font)              Font shape `OT1/ptm/b/n' tried instead on input line 1090.
LaTeX Font Info:    Font shape `OT1/ptm/bx/it' in size <24> not available
(Font)              Font shape `OT1/ptm/b/it' tried instead on input line 1090.

\IEEEquantizedlength=\dimen109
\IEEEquantizedlengthdiff=\dimen110
\IEEEquantizedtextheightdiff=\dimen111
\IEEEilabelindentA=\dimen112
\IEEEilabelindentB=\dimen113
\IEEEilabelindent=\dimen114
\IEEEelabelindent=\dimen115
\IEEEdlabelindent=\dimen116
\IEEElabelindent=\dimen117
\IEEEiednormlabelsep=\dimen118
\IEEEiedmathlabelsep=\dimen119
\IEEEiedtopsep=\skip41
\c@section=\count82
\c@subsection=\count83
\c@subsubsection=\count84
\c@paragraph=\count85
\c@IEEEsubequation=\count86
\abovecaptionskip=\skip42
\belowcaptionskip=\skip43
\c@figure=\count87
\c@table=\count88
\@IEEEeqnnumcols=\count89
\@IEEEeqncolcnt=\count90
\@IEEEsubeqnnumrollback=\count91
\@IEEEquantizeheightA=\dimen120
\@IEEEquantizeheightB=\dimen121
\@IEEEquantizeheightC=\dimen122
\@IEEEquantizeprevdepth=\dimen123
\@IEEEquantizemultiple=\count92
\@IEEEquantizeboxA=\box26
\@IEEEtmpitemindent=\dimen124
\IEEEPARstartletwidth=\dimen125
\c@IEEEbiography=\count93
\@IEEEtranrubishbin=\box27
) (/usr/local/texlive/2015/texmf-dist/tex/latex/cite/cite.sty
LaTeX Info: Redefining \cite on input line 302.
LaTeX Info: Redefining \nocite on input line 332.
Package: cite 2015/02/27  v 5.5
)
(/usr/local/texlive/2015/texmf-dist/tex/latex/paralist/paralist.sty
Package: paralist 2013/06/09 v2.4 Extended list environments
\pltopsep=\skip44
\plpartopsep=\skip45
\plitemsep=\skip46
\plparsep=\skip47
\pl@lab=\toks15
)
(/usr/local/texlive/2015/texmf-dist/tex/latex/caption/caption.sty
Package: caption 2013/05/02 v3.3-89 Customizing captions (AR)

(/usr/local/texlive/2015/texmf-dist/tex/latex/caption/caption3.sty
Package: caption3 2013/05/02 v1.6-88 caption3 kernel (AR)
Package caption3 Info: TeX engine: e-TeX on input line 57.

(/usr/local/texlive/2015/texmf-dist/tex/latex/graphics/keyval.sty
Package: keyval 2014/10/28 v1.15 key=value parser (DPC)
\KV@toks@=\toks16
)
\captionmargin=\dimen126
\captionmargin@=\dimen127
\captionwidth=\dimen128
\caption@tempdima=\dimen129
\caption@indent=\dimen130
\caption@parindent=\dimen131
\caption@hangindent=\dimen132
Package caption Info: Unknown document class (or package),
(caption)             standard defaults will be used.
)

Package caption Warning: Unsupported document class (or package) detected,
(caption)                usage of the caption package is not recommended.
See the caption package documentation for explanation.

Package caption Info: \@makecaption = \long macro:#1#2->\ifx \@captype \@IEEEta
blestring \footnotesize \bgroup \par \centering \@IEEEtabletopskipstrut {\norma
lfont \footnotesize #1}\\{\normalfont \footnotesize \scshape #2}\par \addvspace
 {0.5\baselineskip }\egroup \@IEEEtablecaptionsepspace \else \@IEEEfigurecaptio
nsepspace \setbox \@tempboxa \hbox {\normalfont \footnotesize {#1.}\nobreakspac
e \nobreakspace #2}\ifdim \wd \@tempboxa >\hsize \setbox \@tempboxa \hbox {\nor
malfont \footnotesize {#1.}\nobreakspace \nobreakspace }\parbox [t]{\hsize }{\n
ormalfont \footnotesize \noindent \unhbox \@tempboxa #2}\else \ifCLASSOPTIONcon
ference \hbox to\hsize {\normalfont \footnotesize \hfil \box \@tempboxa \hfil }
\else \hbox to\hsize {\normalfont \footnotesize \box \@tempboxa \hfil }\fi \fi 
\fi .
\c@ContinuedFloat=\count94
) (/usr/local/texlive/2015/texmf-dist/tex/latex/caption/subcaption.sty
Package: subcaption 2013/02/03 v1.1-62 Sub-captions (AR)
\c@subfigure=\count95
\c@subtable=\count96
)
(/usr/local/texlive/2015/texmf-dist/tex/latex/tablefootnote/tablefootnote.sty
Package: tablefootnote 2014/01/26 v1.1c Table foot notes (HMM)

(/usr/local/texlive/2015/texmf-dist/tex/generic/oberdiek/ltxcmds.sty
Package: ltxcmds 2011/11/09 v1.22 LaTeX kernel commands for general use (HO)
)
(/usr/local/texlive/2015/texmf-dist/tex/latex/oberdiek/letltxmacro.sty
Package: letltxmacro 2010/09/02 v1.4 Let assignment for LaTeX macros (HO)
)
(/usr/local/texlive/2015/texmf-dist/tex/latex/xifthen/xifthen.sty
Package: xifthen 2009/04/17 v1.3 Extended ifthen features

(/usr/local/texlive/2015/texmf-dist/tex/latex/etex-pkg/etex.sty
Package: etex 2015/03/02 v2.1 eTeX basic definition package (PEB,DPC)
\et@xins=\count97
)
(/usr/local/texlive/2015/texmf-dist/tex/latex/tools/calc.sty
Package: calc 2014/10/28 v4.3 Infix arithmetic (KKT,FJ)
\calc@Acount=\count98
\calc@Bcount=\count99
\calc@Adimen=\dimen133
\calc@Bdimen=\dimen134
\calc@Askip=\skip48
\calc@Bskip=\skip49
LaTeX Info: Redefining \setlength on input line 80.
LaTeX Info: Redefining \addtolength on input line 81.
\calc@Ccount=\count100
\calc@Cskip=\skip50
)
(/usr/local/texlive/2015/texmf-dist/tex/latex/base/ifthen.sty
Package: ifthen 2014/09/29 v1.1c Standard LaTeX ifthen package (DPC)
)
(/usr/local/texlive/2015/texmf-dist/tex/latex/ifmtarg/ifmtarg.sty
Package: ifmtarg 2009/09/02 v1.2a check for an empty argument
))
(/usr/local/texlive/2015/texmf-dist/tex/latex/etoolbox/etoolbox.sty
Package: etoolbox 2015/05/04 v2.2 e-TeX tools for LaTeX (JAW)
\etb@tempcnta=\count101
))
(/usr/local/texlive/2015/texmf-dist/tex/latex/graphics/graphicx.sty
Package: graphicx 2014/10/28 v1.0g Enhanced LaTeX Graphics (DPC,SPQR)

(/usr/local/texlive/2015/texmf-dist/tex/latex/graphics/graphics.sty
Package: graphics 2014/10/28 v1.0p Standard LaTeX Graphics (DPC,SPQR)

(/usr/local/texlive/2015/texmf-dist/tex/latex/graphics/trig.sty
Package: trig 1999/03/16 v1.09 sin cos tan (DPC)
)
(/usr/local/texlive/2015/texmf-dist/tex/latex/latexconfig/graphics.cfg
File: graphics.cfg 2010/04/23 v1.9 graphics configuration of TeX Live
)
Package graphics Info: Driver file: pdftex.def on input line 94.

(/usr/local/texlive/2015/texmf-dist/tex/latex/pdftex-def/pdftex.def
File: pdftex.def 2011/05/27 v0.06d Graphics/color for pdfTeX

(/usr/local/texlive/2015/texmf-dist/tex/generic/oberdiek/infwarerr.sty
Package: infwarerr 2010/04/08 v1.3 Providing info/warning/error messages (HO)
)
\Gread@gobject=\count102
))
\Gin@req@height=\dimen135
\Gin@req@width=\dimen136
)
(/usr/local/texlive/2015/texmf-dist/tex/latex/amsmath/amsmath.sty
Package: amsmath 2013/01/14 v2.14 AMS math features
\@mathmargin=\skip51

For additional information on amsmath, use the `?' option.
(/usr/local/texlive/2015/texmf-dist/tex/latex/amsmath/amstext.sty
Package: amstext 2000/06/29 v2.01

(/usr/local/texlive/2015/texmf-dist/tex/latex/amsmath/amsgen.sty
File: amsgen.sty 1999/11/30 v2.0
\@emptytoks=\toks17
\ex@=\dimen137
))
(/usr/local/texlive/2015/texmf-dist/tex/latex/amsmath/amsbsy.sty
Package: amsbsy 1999/11/29 v1.2d
\pmbraise@=\dimen138
)
(/usr/local/texlive/2015/texmf-dist/tex/latex/amsmath/amsopn.sty
Package: amsopn 1999/12/14 v2.01 operator names
)
\inf@bad=\count103
LaTeX Info: Redefining \frac on input line 210.
\uproot@=\count104
\leftroot@=\count105
LaTeX Info: Redefining \overline on input line 306.
\classnum@=\count106
\DOTSCASE@=\count107
LaTeX Info: Redefining \ldots on input line 378.
LaTeX Info: Redefining \dots on input line 381.
LaTeX Info: Redefining \cdots on input line 466.
\Mathstrutbox@=\box28
\strutbox@=\box29
\big@size=\dimen139
LaTeX Font Info:    Redeclaring font encoding OML on input line 566.
LaTeX Font Info:    Redeclaring font encoding OMS on input line 567.
\macc@depth=\count108
\c@MaxMatrixCols=\count109
\dotsspace@=\muskip10
\c@parentequation=\count110
\dspbrk@lvl=\count111
\tag@help=\toks18
\row@=\count112
\column@=\count113
\maxfields@=\count114
\andhelp@=\toks19
\eqnshift@=\dimen140
\alignsep@=\dimen141
\tagshift@=\dimen142
\tagwidth@=\dimen143
\totwidth@=\dimen144
\lineht@=\dimen145
\@envbody=\toks20
\multlinegap=\skip52
\multlinetaggap=\skip53
\mathdisplay@stack=\toks21
LaTeX Info: Redefining \[ on input line 2665.
LaTeX Info: Redefining \] on input line 2666.
)
(./bare_jrnl1.aux

LaTeX Warning: Label `fig:perf' multiply defined.

)
\openout1 = `bare_jrnl1.aux'.

LaTeX Font Info:    Checking defaults for OML/cmm/m/it on input line 361.
LaTeX Font Info:    ... okay on input line 361.
LaTeX Font Info:    Checking defaults for T1/cmr/m/n on input line 361.
LaTeX Font Info:    ... okay on input line 361.
LaTeX Font Info:    Checking defaults for OT1/cmr/m/n on input line 361.
LaTeX Font Info:    ... okay on input line 361.
LaTeX Font Info:    Checking defaults for OMS/cmsy/m/n on input line 361.
LaTeX Font Info:    ... okay on input line 361.
LaTeX Font Info:    Checking defaults for OMX/cmex/m/n on input line 361.
LaTeX Font Info:    ... okay on input line 361.
LaTeX Font Info:    Checking defaults for U/cmr/m/n on input line 361.
LaTeX Font Info:    ... okay on input line 361.

-- Lines per column: 58 (exact).
Package caption Info: Begin \AtBeginDocument code.
Package caption Info: End \AtBeginDocument code.
(/usr/local/texlive/2015/texmf-dist/tex/context/base/supp-pdf.mkii
[Loading MPS to PDF converter (version 2006.09.02).]
\scratchcounter=\count115
\scratchdimen=\dimen146
\scratchbox=\box30
\nofMPsegments=\count116
\nofMParguments=\count117
\everyMPshowfont=\toks22
\MPscratchCnt=\count118
\MPscratchDim=\dimen147
\MPnumerator=\count119
\makeMPintoPDFobject=\count120
\everyMPtoPDFconversion=\toks23
) (/usr/local/texlive/2015/texmf-dist/tex/generic/oberdiek/pdftexcmds.sty
Package: pdftexcmds 2011/11/29 v0.20 Utility functions of pdfTeX for LuaTeX (HO
)

(/usr/local/texlive/2015/texmf-dist/tex/generic/oberdiek/ifluatex.sty
Package: ifluatex 2010/03/01 v1.3 Provides the ifluatex switch (HO)
Package ifluatex Info: LuaTeX not detected.
)
(/usr/local/texlive/2015/texmf-dist/tex/generic/oberdiek/ifpdf.sty
Package: ifpdf 2011/01/30 v2.3 Provides the ifpdf switch (HO)
Package ifpdf Info: pdfTeX in PDF mode is detected.
)
Package pdftexcmds Info: LuaTeX not detected.
Package pdftexcmds Info: \pdf@primitive is available.
Package pdftexcmds Info: \pdf@ifprimitive is available.
Package pdftexcmds Info: \pdfdraftmode found.
)
(/usr/local/texlive/2015/texmf-dist/tex/latex/oberdiek/epstopdf-base.sty
Package: epstopdf-base 2010/02/09 v2.5 Base part for package epstopdf

(/usr/local/texlive/2015/texmf-dist/tex/latex/oberdiek/grfext.sty
Package: grfext 2010/08/19 v1.1 Manage graphics extensions (HO)

(/usr/local/texlive/2015/texmf-dist/tex/generic/oberdiek/kvdefinekeys.sty
Package: kvdefinekeys 2011/04/07 v1.3 Define keys (HO)
))
(/usr/local/texlive/2015/texmf-dist/tex/latex/oberdiek/kvoptions.sty
Package: kvoptions 2011/06/30 v3.11 Key value format for package options (HO)

(/usr/local/texlive/2015/texmf-dist/tex/generic/oberdiek/kvsetkeys.sty
Package: kvsetkeys 2012/04/25 v1.16 Key value parser (HO)

(/usr/local/texlive/2015/texmf-dist/tex/generic/oberdiek/etexcmds.sty
Package: etexcmds 2011/02/16 v1.5 Avoid name clashes with e-TeX commands (HO)
Package etexcmds Info: Could not find \expanded.
(etexcmds)             That can mean that you are not using pdfTeX 1.50 or
(etexcmds)             that some package has redefined \expanded.
(etexcmds)             In the latter case, load this package earlier.
)))
Package grfext Info: Graphics extension search list:
(grfext)             [.png,.pdf,.jpg,.mps,.jpeg,.jbig2,.jb2,.PNG,.PDF,.JPG,.JPE
G,.JBIG2,.JB2,.eps]
(grfext)             \AppendGraphicsExtensions on input line 452.

(/usr/local/texlive/2015/texmf-dist/tex/latex/latexconfig/epstopdf-sys.cfg
File: epstopdf-sys.cfg 2010/07/13 v1.3 Configuration of (r)epstopdf for TeX Liv
e
))
Underfull \hbox (badness 10000) in paragraph at lines 460--462
[]\OT1/ptm/b/it/9 Index Terms\OT1/ptm/b/n/9 ---Big data HPC, Am-dah's sec-ond l
aw,
 []


Underfull \hbox (badness 1478) in paragraph at lines 460--462
\OT1/ptm/b/n/9 Cost/performance, The-ory for a bal-anced sys-tem, Hadoop
 []

[1{/usr/local/texlive/2015/texmf-var/fonts/map/pdftex/updmap/pdftex.map}


]

LaTeX Warning: Reference `sec:Limitation' on page 2 undefined on input line 522
.

[2] [3]
Underfull \hbox (badness 3826) in paragraph at lines 606--607
[]\OT1/ptm/m/it/10 Gray's mem-ory law: \OT1/ptm/m/n/10 The MB/MIPS (al-ter-na-t
ively,
 []

<Figures/ModelFigures/beta_io.pdf, id=17, 505.89pt x 505.89pt>
File: Figures/ModelFigures/beta_io.pdf Graphic file (type pdf)

<use Figures/ModelFigures/beta_io.pdf>
Package pdftex.def Info: Figures/ModelFigures/beta_io.pdf used on input line 63
5.
(pdftex.def)             Requested size: 247.6778pt x 247.67984pt.

<Figures/ModelFigures/beta_mem.pdf, id=18, 505.89pt x 505.89pt>
File: Figures/ModelFigures/beta_mem.pdf Graphic file (type pdf)

<use Figures/ModelFigures/beta_mem.pdf>
Package pdftex.def Info: Figures/ModelFigures/beta_mem.pdf used on input line 6
40.
(pdftex.def)             Requested size: 247.6778pt x 247.67984pt.
 [4] [5 <./Figures/ModelFigures/beta_io.pdf> <./Figures/ModelFigures/beta_mem.p
df>]
Underfull \hbox (badness 7151) in paragraph at lines 790--791
\OT1/ptm/m/n/10 It is worth notic-ing that both $\OML/cmm/m/it/10 Cluster[]$ \O
T1/ptm/m/n/10 and
 []

[6]
Underfull \hbox (badness 10000) in paragraph at lines 820--820
[]\OT1/ptm/m/n/8 Western Dig-i-tal RE4 HDD
 []


Underfull \hbox (badness 8170) in paragraph at lines 826--826
[]\OT1/ptm/m/n/8 Samsung NVMe SSD PM953
 []


Underfull \hbox (badness 1783) in paragraph at lines 829--829
[]\OT1/ptm/m/n/8 Samsung DDR3 16GB mem-ory
 []


Underfull \hbox (badness 10000) in paragraph at lines 841--841
[]\OT1/ptm/m/n/8 CPU
 []


Underfull \hbox (badness 10000) in paragraph at lines 841--841
\OT1/ptm/m/n/8 Core
 []


Underfull \hbox (badness 10000) in paragraph at lines 841--841
\OT1/ptm/m/n/8 Speed
 []


Underfull \hbox (badness 10000) in paragraph at lines 841--841
[]\OT1/ptm/m/n/8 #Cores
 []


Underfull \hbox (badness 10000) in paragraph at lines 841--841
[]\OT1/ptm/m/n/8 CPU
 []


Underfull \hbox (badness 10000) in paragraph at lines 841--841
\OT1/ptm/m/n/8 Speed
 []


Underfull \hbox (badness 10000) in paragraph at lines 841--841
\OT1/ptm/m/n/8 (GHz)
 []


Underfull \hbox (badness 10000) in paragraph at lines 841--841
[]\OT1/ptm/m/n/8 #Disks
 []


Underfull \hbox (badness 10000) in paragraph at lines 841--841
\OT1/ptm/m/n/8 /node
 []


Underfull \hbox (badness 1540) in paragraph at lines 841--841
[]\OT1/ptm/m/n/8 Seq I/O
 []


Underfull \hbox (badness 10000) in paragraph at lines 841--841
\OT1/ptm/m/n/8 Band-
 []


Underfull \hbox (badness 10000) in paragraph at lines 841--841
\OT1/ptm/m/n/8 width
 []


Underfull \hbox (badness 10000) in paragraph at lines 841--841
\OT1/ptm/m/n/8 /Disk
 []


Underfull \hbox (badness 10000) in paragraph at lines 841--841
[]\OT1/ptm/m/n/8 Total
 []


Underfull \hbox (badness 1540) in paragraph at lines 841--841
\OT1/ptm/m/n/8 Seq I/O
 []


Underfull \hbox (badness 10000) in paragraph at lines 841--841
\OT1/ptm/m/n/8 Band-
 []


Underfull \hbox (badness 10000) in paragraph at lines 841--841
\OT1/ptm/m/n/8 width
 []


Underfull \hbox (badness 10000) in paragraph at lines 841--841
\OT1/ptm/m/n/8 (GBPS)
 []


Underfull \hbox (badness 10000) in paragraph at lines 841--841
[]\OT1/ptm/m/n/8 DRAM
 []


Underfull \hbox (badness 10000) in paragraph at lines 841--841
\OT1/ptm/m/n/8 /node
 []


Overfull \hbox (4.8829pt too wide) in paragraph at lines 841--841
[]\OT1/ptm/m/n/8 Maximum
 []


Underfull \hbox (badness 10000) in paragraph at lines 841--841
\OT1/ptm/m/n/8 #Nodes
 []


Underfull \hbox (badness 10000) in paragraph at lines 841--841
\OT1/ptm/m/n/8 avail-
 []


Overfull \hbox (4.85664pt too wide) in paragraph at lines 841--842
[]$\OML/cmm/m/it/8 ^^L[]$| 
 []


Underfull \hbox (badness 10000) in paragraph at lines 843--843
[]\OT1/ptm/m/n/8 SuperMikeII
 []


Underfull \hbox (badness 10000) in paragraph at lines 843--843
[]\OT1/ptm/m/n/8 Two 8-core
 []


Underfull \hbox (badness 10000) in paragraph at lines 843--843
\OT1/ptm/m/n/8 Sandy-Bridge
 []


Underfull \hbox (badness 10000) in paragraph at lines 843--843
[]\OT1/ptm/m/n/8 1-HDD
 []


Overfull \hbox (0.92818pt too wide) in paragraph at lines 843--843
[]\OT1/ptm/m/n/8 0.003| 
 []


Underfull \hbox (badness 10000) in paragraph at lines 845--845
[]\OT1/ptm/m/n/8 Two 8-core
 []


Underfull \hbox (badness 10000) in paragraph at lines 845--845
\OT1/ptm/m/n/8 Sandy-Bridge
 []


Underfull \hbox (badness 10000) in paragraph at lines 845--845
[]\OT1/ptm/m/n/8 4-HDD
 []


Overfull \hbox (0.92818pt too wide) in paragraph at lines 845--845
[]\OT1/ptm/m/n/8 0.015| 
 []


Underfull \hbox (badness 10000) in paragraph at lines 847--847
[]\OT1/ptm/m/n/8 CeresII
 []


Underfull \hbox (badness 10000) in paragraph at lines 847--847
\OT1/ptm/m/n/8 (MicroBrick-
 []


Underfull \hbox (badness 10000) in paragraph at lines 847--847
\OT1/ptm/m/n/8 based
 []


Underfull \hbox (badness 10000) in paragraph at lines 847--847
\OT1/ptm/m/n/8 Hy-per-scale
 []


Underfull \hbox (badness 10000) in paragraph at lines 847--847
[]\OT1/ptm/m/n/8 1-SSD
 []


Overfull \hbox (0.92818pt too wide) in paragraph at lines 847--847
[]\OT1/ptm/m/n/8 0.166| 
 []

[7]
Underfull \hbox (badness 2556) in paragraph at lines 888--889
 \OT1/ptm/m/it/10 2) SwatIII (Ex-ist-ing Dat-a-cen-ter): [][] \OT1/ptm/m/n/10 U
n-like Su-per-MikeII
 []


Overfull \hbox (4.14954pt too wide) in paragraph at lines 896--896
[]\OT1/ptm/m/n/8 Shuffled
 []


Underfull \hbox (badness 10000) in paragraph at lines 896--896
[]\OT1/ptm/m/n/8 HDFS
 []


Underfull \hbox (badness 10000) in paragraph at lines 896--896
[]\OT1/ptm/m/n/8 Application
 []


Underfull \hbox (badness 10000) in paragraph at lines 898--898
[]\OT1/ptm/m/n/8 Map and Re-duce:
 []


Underfull \hbox (badness 10000) in paragraph at lines 901--901
[]\OT1/ptm/m/n/8 452GB (2-billion
 []


Underfull \hbox (badness 10000) in paragraph at lines 901--901
[]\OT1/ptm/m/n/8 Map and Re-duce:
 []


Underfull \hbox (badness 10000) in paragraph at lines 901--901
\OT1/ptm/m/n/8 CPU- and I/O-
 []


Underfull \hbox (badness 10000) in paragraph at lines 902--902
[]\OT1/ptm/m/n/8 Graph Sim-pli-fi-ca-tion
 []


Underfull \hbox (badness 10000) in paragraph at lines 902--902
\OT1/ptm/m/n/8 (large size hu-man
 []


Underfull \hbox (badness 10000) in paragraph at lines 902--902
[]\OT1/ptm/m/n/8 3.2TB (1483246722
 []


Underfull \vbox (badness 10000) has occurred while \output is active []

 [8]
Underfull \hbox (badness 10000) in paragraph at lines 942--942
[]\OT1/ptm/m/n/8 Cluster Con-fig-u-ra-
 []


Underfull \hbox (badness 10000) in paragraph at lines 946--946
[]\OT1/ptm/m/n/8 Total pro-cess-ing
 []


Underfull \hbox (badness 4303) in paragraph at lines 948--948
[]\OT1/ptm/m/n/8 Total stor-age space
 []


Underfull \hbox (badness 10000) in paragraph at lines 949--949
[]\OT1/ptm/m/n/8 Total DRAM Size
 []

<Figures/PerformanceFigures/execTimeTnW.pdf, id=58, 505.89pt x 505.89pt>
File: Figures/PerformanceFigures/execTimeTnW.pdf Graphic file (type pdf)

<use Figures/PerformanceFigures/execTimeTnW.pdf>
Package pdftex.def Info: Figures/PerformanceFigures/execTimeTnW.pdf used on inp
ut line 954.
(pdftex.def)             Requested size: 258.0pt x 258.00047pt.

Overfull \hbox (6.0pt too wide) in paragraph at lines 954--955
 [][] 
 []

[9] <Figures/SystemFigures/TeraSortIPS.pdf, id=62, 505.89pt x 505.89pt>
File: Figures/SystemFigures/TeraSortIPS.pdf Graphic file (type pdf)

<use Figures/SystemFigures/TeraSortIPS.pdf>
Package pdftex.def Info: Figures/SystemFigures/TeraSortIPS.pdf used on input li
ne 967.
(pdftex.def)             Requested size: 118.6778pt x 118.67574pt.

<Figures/SystemFigures/WordCountIPS.pdf, id=63, 505.89pt x 505.89pt>
File: Figures/SystemFigures/WordCountIPS.pdf Graphic file (type pdf)

<use Figures/SystemFigures/WordCountIPS.pdf>
Package pdftex.def Info: Figures/SystemFigures/WordCountIPS.pdf used on input l
ine 972.
(pdftex.def)             Requested size: 118.6778pt x 118.67574pt.

<Figures/SystemFigures/TeraSortIO.pdf, id=64, 505.89pt x 505.89pt>
File: Figures/SystemFigures/TeraSortIO.pdf Graphic file (type pdf)

<use Figures/SystemFigures/TeraSortIO.pdf>
Package pdftex.def Info: Figures/SystemFigures/TeraSortIO.pdf used on input lin
e 988.
(pdftex.def)             Requested size: 118.6778pt x 118.67574pt.

<Figures/SystemFigures/WordCountIO.pdf, id=65, 505.89pt x 505.89pt>
File: Figures/SystemFigures/WordCountIO.pdf Graphic file (type pdf)

<use Figures/SystemFigures/WordCountIO.pdf>
Package pdftex.def Info: Figures/SystemFigures/WordCountIO.pdf used on input li
ne 993.
(pdftex.def)             Requested size: 123.84283pt x 123.83992pt.

Underfull \vbox (badness 1048) has occurred while \output is active []


Underfull \hbox (badness 2961) in paragraph at lines 1033--1033
 \OT1/ptm/m/it/10 B. Eval-u-at-ing Dif-fer-ent Clus-ter for Large Size Hu-man
 []


Underfull \hbox (badness 10000) in paragraph at lines 1040--1040
[]\OT1/ptm/m/n/8 Cluster Con-fig-u-ra-
 []


Underfull \hbox (badness 10000) in paragraph at lines 1044--1044
[]\OT1/ptm/m/n/8 Total pro-cess-ing
 []


Underfull \hbox (badness 4303) in paragraph at lines 1046--1046
[]\OT1/ptm/m/n/8 Total stor-age space
 []


Underfull \hbox (badness 10000) in paragraph at lines 1047--1047
[]\OT1/ptm/m/n/8 Total DRAM Size
 []

<Figures/PerformanceFigures/execTimeHum.pdf, id=66, 505.89pt x 505.89pt>
File: Figures/PerformanceFigures/execTimeHum.pdf Graphic file (type pdf)

<use Figures/PerformanceFigures/execTimeHum.pdf>
Package pdftex.def Info: Figures/PerformanceFigures/execTimeHum.pdf used on inp
ut line 1052.
(pdftex.def)             Requested size: 118.6778pt x 118.67574pt.

<Figures/PerformanceFigures/costTimeHum.pdf, id=67, 505.89pt x 505.89pt>
File: Figures/PerformanceFigures/costTimeHum.pdf Graphic file (type pdf)

<use Figures/PerformanceFigures/costTimeHum.pdf>
Package pdftex.def Info: Figures/PerformanceFigures/costTimeHum.pdf used on inp
ut line 1057.
(pdftex.def)             Requested size: 118.6778pt x 118.67574pt.

Underfull \vbox (badness 10000) has occurred while \output is active []

 [10 <./Figures/PerformanceFigures/execTimeTnW.pdf> <./Figures/SystemFigures/Te
raSortIPS.pdf> <./Figures/SystemFigures/WordCountIPS.pdf> <./Figures/SystemFigu
res/TeraSortIO.pdf> <./Figures/SystemFigures/WordCountIO.pdf>] [11 <./Figures/P
erformanceFigures/execTimeHum.pdf> <./Figures/PerformanceFigures/costTimeHum.pd
f>]
Underfull \hbox (badness 6300) in paragraph at lines 1213--1214
 \OT1/ptm/m/it/10 2) Giraph-based Graph Sim-pli-fi-ca-tion (memory- and
 []

[12] (./bare_jrnl1.bbl
Underfull \hbox (badness 10000) in paragraph at lines 152--156
\OT1/ptm/m/n/8 ap-pli-ca-tion bal-ance and spec cpu2000/cpu2006 bench-marks,''
 []


Underfull \hbox (badness 10000) in paragraph at lines 152--156
\OT1/ptm/m/n/8 http://www.cs.virginia.edu/[]mccalpin/SPEC[]Balance[]2007-06-20.
pdf,
 []

Missing character: There is no â in font ptmr7t!
Missing character: There is no € in font ptmr7t!
Missing character: There is no ” in font ptmr7t!
) [13] (./bare_jrnl1.aux)

LaTeX Warning: There were undefined references.


LaTeX Warning: There were multiply-defined labels.

 ) 
Here is how much of TeX's memory you used:
 4963 strings out of 493089
 79232 string characters out of 6134842
 157454 words of memory out of 5000000
 8365 multiletter control sequences out of 15000+600000
 44941 words of font info for 82 fonts, out of 8000000 for 9000
 1144 hyphenation exceptions out of 8191
 38i,16n,38p,1855b,407s stack positions out of 5000i,500n,10000p,200000b,80000s
{/usr/local/texlive/2015/texmf-dist/fonts/enc/dvips/base/8r.enc}</usr/local/t
exlive/2015/texmf-dist/fonts/type1/public/amsfonts/cm/cmex10.pfb></usr/local/te
xlive/2015/texmf-dist/fonts/type1/public/amsfonts/cm/cmmi10.pfb></usr/local/tex
live/2015/texmf-dist/fonts/type1/public/amsfonts/cm/cmmi5.pfb></usr/local/texli
ve/2015/texmf-dist/fonts/type1/public/amsfonts/cm/cmmi6.pfb></usr/local/texlive
/2015/texmf-dist/fonts/type1/public/amsfonts/cm/cmmi7.pfb></usr/local/texlive/2
015/texmf-dist/fonts/type1/public/amsfonts/cm/cmmi8.pfb></usr/local/texlive/201
5/texmf-dist/fonts/type1/public/amsfonts/cm/cmr10.pfb></usr/local/texlive/2015/
texmf-dist/fonts/type1/public/amsfonts/cm/cmr5.pfb></usr/local/texlive/2015/tex
mf-dist/fonts/type1/public/amsfonts/cm/cmr7.pfb></usr/local/texlive/2015/texmf-
dist/fonts/type1/public/amsfonts/cm/cmr8.pfb></usr/local/texlive/2015/texmf-dis
t/fonts/type1/public/amsfonts/cm/cmsy10.pfb></usr/local/texlive/2015/texmf-dist
/fonts/type1/public/amsfonts/cm/cmsy7.pfb></usr/local/texlive/2015/texmf-dist/f
onts/type1/urw/times/utmb8a.pfb></usr/local/texlive/2015/texmf-dist/fonts/type1
/urw/times/utmbi8a.pfb></usr/local/texlive/2015/texmf-dist/fonts/type1/urw/time
s/utmr8a.pfb></usr/local/texlive/2015/texmf-dist/fonts/type1/urw/times/utmri8a.
pfb>
Output written on bare_jrnl1.pdf (13 pages, 835538 bytes).
PDF statistics:
 169 PDF objects out of 1000 (max. 8388607)
 118 compressed objects within 2 object streams
 0 named destinations out of 1000 (max. 500000)
 46 words of extra memory for PDF output out of 10000 (max. 10000000)

